Final project/ERICA_MAP_android/android/app/build/intermediates/manifest_merge_blame_file/debug/manifest-merger-blame-debug-report.txt
1<?xml version="1.0" encoding="utf-8"?>
2<manifest xmlns:android="http://schemas.android.com/apk/res/android"
3    package="processing.test.erica_map_android"
4    android:versionCode="1"
5    android:versionName="1.0" >
6
7    <uses-sdk
8        android:minSdkVersion="17"
8-->src\main\AndroidManifest.xml
9        android:targetSdkVersion="30" />
9-->src\main\AndroidManifest.xml
10
11    <application
11-->src\main\AndroidManifest.xml:3:5-10:19
12        android:appComponentFactory="androidx.core.app.CoreComponentFactory"
12-->[androidx.core:core:1.3.0] AndroidManifest.xml:24:18-86
13        android:debuggable="true"
14        android:icon="@mipmap/ic_launcher"
14-->src\main\AndroidManifest.xml:3:18-52
15        android:label="ERICA_MAP_android"
15-->src\main\AndroidManifest.xml:3:53-86
16        android:testOnly="true" >
17        <activity
17-->src\main\AndroidManifest.xml:4:9-9:20
18            android:name="processing.test.erica_map_android.MainActivity"
18-->src\main\AndroidManifest.xml:4:19-47
19            android:theme="@style/Theme.AppCompat.Light.NoActionBar.FullScreen" >
19-->src\main\AndroidManifest.xml:4:48-115
20            <intent-filter>
20-->src\main\AndroidManifest.xml:5:13-8:29
21                <action android:name="android.intent.action.MAIN" />
21-->src\main\AndroidManifest.xml:6:17-68
21-->src\main\AndroidManifest.xml:6:25-66
22
23                <category android:name="android.intent.category.LAUNCHER" />
23-->src\main\AndroidManifest.xml:7:17-76
23-->src\main\AndroidManifest.xml:7:27-74
24            </intent-filter>
25        </activity>
26    </application>
27
28</manifest>